;  LST file generated by mikroListExporter - v.2.0 
; Date/Time: 7/31/2023 3:11:21 PM
;----------------------------------------------

;Address Opcode 	ASM
0x0000	0x2866      	GOTO       102
_____DoICP:
;__Lib_System.c,6 :: 		
;__Lib_System.c,9 :: 		
0x0003	0x1283      	BCF        STATUS, 5
0x0004	0x1303      	BCF        STATUS, 6
0x0005	0x0839      	MOVF       ___DoICPAddr+1, 0
0x0006	0x008A      	MOVWF      PCLATH
;__Lib_System.c,10 :: 		
0x0007	0x0838      	MOVF       ___DoICPAddr, 0
0x0008	0x0082      	MOVWF      PCL
;__Lib_System.c,12 :: 		
L_end_____DoICP:
0x0009	0x0008      	RETURN
; end of _____DoICP
___CC2DW:
;__Lib_System.c,134 :: 		
;__Lib_System.c,137 :: 		
_CC2D_Loop1:
;__Lib_System.c,139 :: 		
0x000A	0x2003      	CALL       _____DoICP
0x000B	0x118A      	BCF        PCLATH, 3
0x000C	0x120A      	BCF        PCLATH, 4
;__Lib_System.c,141 :: 		
0x000D	0x0080      	MOVWF      INDF
;__Lib_System.c,142 :: 		
0x000E	0x0A84      	INCF       FSR, 1
;__Lib_System.c,143 :: 		
0x000F	0x0AB8      	INCF       ___DoICPAddr, 1
;__Lib_System.c,145 :: 		
0x0010	0x1903      	BTFSC      STATUS, 2
;__Lib_System.c,146 :: 		
0x0011	0x0AB9      	INCF       ___DoICPAddr+1, 1
;__Lib_System.c,147 :: 		
0x0012	0x03F0      	DECF       R0, 1
;__Lib_System.c,149 :: 		
0x0013	0x1D03      	BTFSS      STATUS, 2
;__Lib_System.c,150 :: 		
0x0014	0x280A      	GOTO       _CC2D_Loop1
;__Lib_System.c,152 :: 		
L_end___CC2DW:
0x0015	0x0008      	RETURN
; end of ___CC2DW
_counter:
;Roads1.c,8 :: 		void counter(int start, int bulb){
;Roads1.c,9 :: 		portc = bulb;
0x0016	0x1283      	BCF        STATUS, 5
0x0017	0x1303      	BCF        STATUS, 6
0x0018	0x083E      	MOVF       FARG_counter_bulb, 0
0x0019	0x0087      	MOVWF      PORTC
;Roads1.c,10 :: 		for(i = start; i >= 0; i--){
0x001A	0x083C      	MOVF       FARG_counter_start, 0
0x001B	0x00BA      	MOVWF      _i
0x001C	0x083D      	MOVF       FARG_counter_start+1, 0
0x001D	0x00BB      	MOVWF      _i+1
L_counter0:
0x001E	0x3080      	MOVLW      128
0x001F	0x063B      	XORWF      _i+1, 0
0x0020	0x00F0      	MOVWF      R0
0x0021	0x3080      	MOVLW      128
0x0022	0x0270      	SUBWF      R0, 0
0x0023	0x1D03      	BTFSS      STATUS, 2
0x0024	0x2827      	GOTO       L__counter41
0x0025	0x3000      	MOVLW      0
0x0026	0x023A      	SUBWF      _i, 0
L__counter41:
0x0027	0x1C03      	BTFSS      STATUS, 0
0x0028	0x2863      	GOTO       L_counter1
;Roads1.c,11 :: 		if(portd.b0 == 0){
0x0029	0x1808      	BTFSC      PORTD, 0
0x002A	0x282C      	GOTO       L_counter3
;Roads1.c,12 :: 		return;
0x002B	0x2865      	GOTO       L_end_counter
;Roads1.c,13 :: 		}
L_counter3:
;Roads1.c,14 :: 		portb = seg[i];
0x002C	0x083A      	MOVF       _i, 0
0x002D	0x3E20      	ADDLW      _seg
0x002E	0x0084      	MOVWF      FSR
0x002F	0x0800      	MOVF       INDF, 0
0x0030	0x0086      	MOVWF      PORTB
;Roads1.c,15 :: 		delay_ms(wait);
0x0031	0x300B      	MOVLW      11
0x0032	0x00FB      	MOVWF      R11
0x0033	0x3026      	MOVLW      38
0x0034	0x00FC      	MOVWF      R12
0x0035	0x305D      	MOVLW      93
0x0036	0x00FD      	MOVWF      R13
L_counter4:
0x0037	0x0BFD      	DECFSZ     R13, 1
0x0038	0x2837      	GOTO       L_counter4
0x0039	0x0BFC      	DECFSZ     R12, 1
0x003A	0x2837      	GOTO       L_counter4
0x003B	0x0BFB      	DECFSZ     R11, 1
0x003C	0x2837      	GOTO       L_counter4
0x003D	0x0000      	NOP
0x003E	0x0000      	NOP
;Roads1.c,16 :: 		if(i <= 4 && portc.b3 == 0){
0x003F	0x3080      	MOVLW      128
0x0040	0x00F0      	MOVWF      R0
0x0041	0x3080      	MOVLW      128
0x0042	0x063B      	XORWF      _i+1, 0
0x0043	0x0270      	SUBWF      R0, 0
0x0044	0x1D03      	BTFSS      STATUS, 2
0x0045	0x2848      	GOTO       L__counter42
0x0046	0x083A      	MOVF       _i, 0
0x0047	0x3C04      	SUBLW      4
L__counter42:
0x0048	0x1C03      	BTFSS      STATUS, 0
0x0049	0x284F      	GOTO       L_counter7
0x004A	0x1987      	BTFSC      PORTC, 3
0x004B	0x284F      	GOTO       L_counter7
L__counter37:
;Roads1.c,17 :: 		portc.b3 = 1;
0x004C	0x1587      	BSF        PORTC, 3
;Roads1.c,18 :: 		portc.b4 = 0;
0x004D	0x1207      	BCF        PORTC, 4
;Roads1.c,19 :: 		}
0x004E	0x285E      	GOTO       L_counter8
L_counter7:
;Roads1.c,20 :: 		else if(i <= 4 && portc.b0 == 0){
0x004F	0x3080      	MOVLW      128
0x0050	0x00F0      	MOVWF      R0
0x0051	0x3080      	MOVLW      128
0x0052	0x063B      	XORWF      _i+1, 0
0x0053	0x0270      	SUBWF      R0, 0
0x0054	0x1D03      	BTFSS      STATUS, 2
0x0055	0x2858      	GOTO       L__counter43
0x0056	0x083A      	MOVF       _i, 0
0x0057	0x3C04      	SUBLW      4
L__counter43:
0x0058	0x1C03      	BTFSS      STATUS, 0
0x0059	0x285E      	GOTO       L_counter11
0x005A	0x1807      	BTFSC      PORTC, 0
0x005B	0x285E      	GOTO       L_counter11
L__counter36:
;Roads1.c,21 :: 		portc.b0 = 1;
0x005C	0x1407      	BSF        PORTC, 0
;Roads1.c,22 :: 		portc.b1 = 0;
0x005D	0x1087      	BCF        PORTC, 1
;Roads1.c,23 :: 		}
L_counter11:
L_counter8:
;Roads1.c,10 :: 		for(i = start; i >= 0; i--){
0x005E	0x3001      	MOVLW      1
0x005F	0x02BA      	SUBWF      _i, 1
0x0060	0x1C03      	BTFSS      STATUS, 0
0x0061	0x03BB      	DECF       _i+1, 1
;Roads1.c,24 :: 		}
0x0062	0x281E      	GOTO       L_counter0
L_counter1:
;Roads1.c,25 :: 		portc.b1 = 1;
0x0063	0x1487      	BSF        PORTC, 1
;Roads1.c,26 :: 		portc.b4 = 1;
0x0064	0x1607      	BSF        PORTC, 4
;Roads1.c,27 :: 		}
L_end_counter:
0x0065	0x0008      	RETURN
; end of _counter
_main:
0x0066	0x1283      	BCF        STATUS, 5
0x0067	0x1303      	BCF        STATUS, 6
0x0068	0x01A0      	CLRF       _seg
0x0069	0x3001      	MOVLW      1
0x006A	0x00A1      	MOVWF      33
0x006B	0x3002      	MOVLW      2
0x006C	0x00A2      	MOVWF      34
0x006D	0x3003      	MOVLW      3
0x006E	0x00A3      	MOVWF      35
0x006F	0x3004      	MOVLW      4
0x0070	0x00A4      	MOVWF      36
0x0071	0x3005      	MOVLW      5
0x0072	0x00A5      	MOVWF      37
0x0073	0x3006      	MOVLW      6
0x0074	0x00A6      	MOVWF      38
0x0075	0x3007      	MOVLW      7
0x0076	0x00A7      	MOVWF      39
0x0077	0x3008      	MOVLW      8
0x0078	0x00A8      	MOVWF      40
0x0079	0x3009      	MOVLW      9
0x007A	0x00A9      	MOVWF      41
0x007B	0x3010      	MOVLW      16
0x007C	0x00AA      	MOVWF      42
0x007D	0x3011      	MOVLW      17
0x007E	0x00AB      	MOVWF      43
0x007F	0x3012      	MOVLW      18
0x0080	0x00AC      	MOVWF      44
0x0081	0x3013      	MOVLW      19
0x0082	0x00AD      	MOVWF      45
0x0083	0x3014      	MOVLW      20
0x0084	0x00AE      	MOVWF      46
0x0085	0x3015      	MOVLW      21
0x0086	0x00AF      	MOVWF      47
0x0087	0x3016      	MOVLW      22
0x0088	0x00B0      	MOVWF      48
0x0089	0x3017      	MOVLW      23
0x008A	0x00B1      	MOVWF      49
0x008B	0x3018      	MOVLW      24
0x008C	0x00B2      	MOVWF      50
0x008D	0x3019      	MOVLW      25
0x008E	0x00B3      	MOVWF      51
0x008F	0x3020      	MOVLW      32
0x0090	0x00B4      	MOVWF      52
0x0091	0x3021      	MOVLW      33
0x0092	0x00B5      	MOVWF      53
0x0093	0x3022      	MOVLW      34
0x0094	0x00B6      	MOVWF      54
0x0095	0x3023      	MOVLW      35
0x0096	0x00B7      	MOVWF      55
;Roads1.c,28 :: 		void main() {
;Roads1.c,29 :: 		adcon1 = 7;
0x0097	0x3007      	MOVLW      7
0x0098	0x1683      	BSF        STATUS, 5
0x0099	0x009F      	MOVWF      ADCON1
;Roads1.c,30 :: 		trisb = 0; trisa.b0 = 0; trisa.b1 = 0; trisa.b2 = 0; trisa.b3 = 0; trisc = 0; trisd = 1;
0x009A	0x0186      	CLRF       TRISB
0x009B	0x1005      	BCF        TRISA, 0
0x009C	0x1085      	BCF        TRISA, 1
0x009D	0x1105      	BCF        TRISA, 2
0x009E	0x1185      	BCF        TRISA, 3
0x009F	0x0187      	CLRF       TRISC
0x00A0	0x3001      	MOVLW      1
0x00A1	0x0088      	MOVWF      TRISD
;Roads1.c,31 :: 		porta.b0 = 1; porta.b1 = 1; porta.b2 = 1; porta.b3 = 1; portc = 0; portd.b0 = 1; portd.b1 = 1;
0x00A2	0x1283      	BCF        STATUS, 5
0x00A3	0x1405      	BSF        PORTA, 0
0x00A4	0x1485      	BSF        PORTA, 1
0x00A5	0x1505      	BSF        PORTA, 2
0x00A6	0x1585      	BSF        PORTA, 3
0x00A7	0x0187      	CLRF       PORTC
0x00A8	0x1408      	BSF        PORTD, 0
0x00A9	0x1488      	BSF        PORTD, 1
;Roads1.c,32 :: 		while(1){
L_main12:
;Roads1.c,33 :: 		if(portd.b0 == 1){
0x00AA	0x1C08      	BTFSS      PORTD, 0
0x00AB	0x28C1      	GOTO       L_main14
;Roads1.c,34 :: 		porta.b0 = 1; porta.b1 = 1; porta.b2 = 1; porta.b3 = 1;
0x00AC	0x1405      	BSF        PORTA, 0
0x00AD	0x1485      	BSF        PORTA, 1
0x00AE	0x1505      	BSF        PORTA, 2
0x00AF	0x1585      	BSF        PORTA, 3
;Roads1.c,35 :: 		counter(wred, 0b11110011);
0x00B0	0x300F      	MOVLW      15
0x00B1	0x00BC      	MOVWF      FARG_counter_start
0x00B2	0x3000      	MOVLW      0
0x00B3	0x00BD      	MOVWF      FARG_counter_start+1
0x00B4	0x30F3      	MOVLW      243
0x00B5	0x00BE      	MOVWF      FARG_counter_bulb
0x00B6	0x01BF      	CLRF       FARG_counter_bulb+1
0x00B7	0x2016      	CALL       _counter
;Roads1.c,36 :: 		counter(sred, 0b11011110);
0x00B8	0x3017      	MOVLW      23
0x00B9	0x00BC      	MOVWF      FARG_counter_start
0x00BA	0x3000      	MOVLW      0
0x00BB	0x00BD      	MOVWF      FARG_counter_start+1
0x00BC	0x30DE      	MOVLW      222
0x00BD	0x00BE      	MOVWF      FARG_counter_bulb
0x00BE	0x01BF      	CLRF       FARG_counter_bulb+1
0x00BF	0x2016      	CALL       _counter
;Roads1.c,37 :: 		}
0x00C0	0x2948      	GOTO       L_main15
L_main14:
;Roads1.c,39 :: 		porta.b0 = 0; porta.b1 = 0; porta.b2 = 0; porta.b3 = 0;
0x00C1	0x1005      	BCF        PORTA, 0
0x00C2	0x1085      	BCF        PORTA, 1
0x00C3	0x1105      	BCF        PORTA, 2
0x00C4	0x1185      	BCF        PORTA, 3
;Roads1.c,40 :: 		portc = 0b11011110;
0x00C5	0x30DE      	MOVLW      222
0x00C6	0x0087      	MOVWF      PORTC
;Roads1.c,41 :: 		portb = seg[0];
0x00C7	0x0820      	MOVF       _seg, 0
0x00C8	0x0086      	MOVWF      PORTB
;Roads1.c,42 :: 		while(1){
L_main16:
;Roads1.c,43 :: 		porta.b0 = 1; porta.b1 = 1; porta.b2 = 1; porta.b3 = 1;
0x00C9	0x1405      	BSF        PORTA, 0
0x00CA	0x1485      	BSF        PORTA, 1
0x00CB	0x1505      	BSF        PORTA, 2
0x00CC	0x1585      	BSF        PORTA, 3
;Roads1.c,44 :: 		if(portd.b0 == 1){
0x00CD	0x1C08      	BTFSS      PORTD, 0
0x00CE	0x28E4      	GOTO       L_main18
;Roads1.c,45 :: 		if(portc == 0b11110011){
0x00CF	0x0807      	MOVF       PORTC, 0
0x00D0	0x3AF3      	XORLW      243
0x00D1	0x1D03      	BTFSS      STATUS, 2
0x00D2	0x28DC      	GOTO       L_main19
;Roads1.c,46 :: 		counter(wred, 0b11110011);
0x00D3	0x300F      	MOVLW      15
0x00D4	0x00BC      	MOVWF      FARG_counter_start
0x00D5	0x3000      	MOVLW      0
0x00D6	0x00BD      	MOVWF      FARG_counter_start+1
0x00D7	0x30F3      	MOVLW      243
0x00D8	0x00BE      	MOVWF      FARG_counter_bulb
0x00D9	0x01BF      	CLRF       FARG_counter_bulb+1
0x00DA	0x2016      	CALL       _counter
;Roads1.c,47 :: 		}
0x00DB	0x28E4      	GOTO       L_main20
L_main19:
;Roads1.c,49 :: 		counter(sred, 0b11011110);
0x00DC	0x3017      	MOVLW      23
0x00DD	0x00BC      	MOVWF      FARG_counter_start
0x00DE	0x3000      	MOVLW      0
0x00DF	0x00BD      	MOVWF      FARG_counter_start+1
0x00E0	0x30DE      	MOVLW      222
0x00E1	0x00BE      	MOVWF      FARG_counter_bulb
0x00E2	0x01BF      	CLRF       FARG_counter_bulb+1
0x00E3	0x2016      	CALL       _counter
;Roads1.c,50 :: 		}
L_main20:
;Roads1.c,51 :: 		}
L_main18:
;Roads1.c,52 :: 		if(portd.b1 == 0 && portc == 0b11110011){
0x00E4	0x1888      	BTFSC      PORTD, 1
0x00E5	0x2916      	GOTO       L_main23
0x00E6	0x0807      	MOVF       PORTC, 0
0x00E7	0x3AF3      	XORLW      243
0x00E8	0x1D03      	BTFSS      STATUS, 2
0x00E9	0x2916      	GOTO       L_main23
L__main39:
;Roads1.c,53 :: 		for(i = 3; i >= 0; i--){
0x00EA	0x3003      	MOVLW      3
0x00EB	0x00BA      	MOVWF      _i
0x00EC	0x3000      	MOVLW      0
0x00ED	0x00BB      	MOVWF      _i+1
L_main24:
0x00EE	0x3080      	MOVLW      128
0x00EF	0x063B      	XORWF      _i+1, 0
0x00F0	0x00F0      	MOVWF      R0
0x00F1	0x3080      	MOVLW      128
0x00F2	0x0270      	SUBWF      R0, 0
0x00F3	0x1D03      	BTFSS      STATUS, 2
0x00F4	0x28F7      	GOTO       L__main45
0x00F5	0x3000      	MOVLW      0
0x00F6	0x023A      	SUBWF      _i, 0
L__main45:
0x00F7	0x1C03      	BTFSS      STATUS, 0
0x00F8	0x2913      	GOTO       L_main25
;Roads1.c,54 :: 		portc = 0b11101011;
0x00F9	0x30EB      	MOVLW      235
0x00FA	0x0087      	MOVWF      PORTC
;Roads1.c,55 :: 		portb = seg[i];
0x00FB	0x083A      	MOVF       _i, 0
0x00FC	0x3E20      	ADDLW      _seg
0x00FD	0x0084      	MOVWF      FSR
0x00FE	0x0800      	MOVF       INDF, 0
0x00FF	0x0086      	MOVWF      PORTB
;Roads1.c,56 :: 		delay_ms(wait);
0x0100	0x300B      	MOVLW      11
0x0101	0x00FB      	MOVWF      R11
0x0102	0x3026      	MOVLW      38
0x0103	0x00FC      	MOVWF      R12
0x0104	0x305D      	MOVLW      93
0x0105	0x00FD      	MOVWF      R13
L_main27:
0x0106	0x0BFD      	DECFSZ     R13, 1
0x0107	0x2906      	GOTO       L_main27
0x0108	0x0BFC      	DECFSZ     R12, 1
0x0109	0x2906      	GOTO       L_main27
0x010A	0x0BFB      	DECFSZ     R11, 1
0x010B	0x2906      	GOTO       L_main27
0x010C	0x0000      	NOP
0x010D	0x0000      	NOP
;Roads1.c,53 :: 		for(i = 3; i >= 0; i--){
0x010E	0x3001      	MOVLW      1
0x010F	0x02BA      	SUBWF      _i, 1
0x0110	0x1C03      	BTFSS      STATUS, 0
0x0111	0x03BB      	DECF       _i+1, 1
;Roads1.c,57 :: 		}
0x0112	0x28EE      	GOTO       L_main24
L_main25:
;Roads1.c,58 :: 		portc = 0b11011110;
0x0113	0x30DE      	MOVLW      222
0x0114	0x0087      	MOVWF      PORTC
;Roads1.c,59 :: 		}
0x0115	0x2947      	GOTO       L_main28
L_main23:
;Roads1.c,60 :: 		else if(portd.b1 == 1 && portc == 0b11011110){
0x0116	0x1C88      	BTFSS      PORTD, 1
0x0117	0x2947      	GOTO       L_main31
0x0118	0x0807      	MOVF       PORTC, 0
0x0119	0x3ADE      	XORLW      222
0x011A	0x1D03      	BTFSS      STATUS, 2
0x011B	0x2947      	GOTO       L_main31
L__main38:
;Roads1.c,61 :: 		for(i = 3; i >= 0; i--){
0x011C	0x3003      	MOVLW      3
0x011D	0x00BA      	MOVWF      _i
0x011E	0x3000      	MOVLW      0
0x011F	0x00BB      	MOVWF      _i+1
L_main32:
0x0120	0x3080      	MOVLW      128
0x0121	0x063B      	XORWF      _i+1, 0
0x0122	0x00F0      	MOVWF      R0
0x0123	0x3080      	MOVLW      128
0x0124	0x0270      	SUBWF      R0, 0
0x0125	0x1D03      	BTFSS      STATUS, 2
0x0126	0x2929      	GOTO       L__main46
0x0127	0x3000      	MOVLW      0
0x0128	0x023A      	SUBWF      _i, 0
L__main46:
0x0129	0x1C03      	BTFSS      STATUS, 0
0x012A	0x2945      	GOTO       L_main33
;Roads1.c,62 :: 		portc = 0b11011101;
0x012B	0x30DD      	MOVLW      221
0x012C	0x0087      	MOVWF      PORTC
;Roads1.c,63 :: 		portb = seg[i];
0x012D	0x083A      	MOVF       _i, 0
0x012E	0x3E20      	ADDLW      _seg
0x012F	0x0084      	MOVWF      FSR
0x0130	0x0800      	MOVF       INDF, 0
0x0131	0x0086      	MOVWF      PORTB
;Roads1.c,64 :: 		delay_ms(wait);
0x0132	0x300B      	MOVLW      11
0x0133	0x00FB      	MOVWF      R11
0x0134	0x3026      	MOVLW      38
0x0135	0x00FC      	MOVWF      R12
0x0136	0x305D      	MOVLW      93
0x0137	0x00FD      	MOVWF      R13
L_main35:
0x0138	0x0BFD      	DECFSZ     R13, 1
0x0139	0x2938      	GOTO       L_main35
0x013A	0x0BFC      	DECFSZ     R12, 1
0x013B	0x2938      	GOTO       L_main35
0x013C	0x0BFB      	DECFSZ     R11, 1
0x013D	0x2938      	GOTO       L_main35
0x013E	0x0000      	NOP
0x013F	0x0000      	NOP
;Roads1.c,61 :: 		for(i = 3; i >= 0; i--){
0x0140	0x3001      	MOVLW      1
0x0141	0x02BA      	SUBWF      _i, 1
0x0142	0x1C03      	BTFSS      STATUS, 0
0x0143	0x03BB      	DECF       _i+1, 1
;Roads1.c,65 :: 		}
0x0144	0x2920      	GOTO       L_main32
L_main33:
;Roads1.c,66 :: 		portc = 0b11110011;
0x0145	0x30F3      	MOVLW      243
0x0146	0x0087      	MOVWF      PORTC
;Roads1.c,67 :: 		}
L_main31:
L_main28:
;Roads1.c,68 :: 		}
0x0147	0x28C9      	GOTO       L_main16
;Roads1.c,69 :: 		}
L_main15:
;Roads1.c,70 :: 		}
0x0148	0x28AA      	GOTO       L_main12
;Roads1.c,71 :: 		}
L_end_main:
0x0149	0x2949      	GOTO       $+0
; end of _main
Symbol List:
//** Routines locations **
//ADDRESS    SIZE    PROCEDURE
//----------------------------------------------
0x0003       [7]    _____DoICP
0x000A      [12]    ___CC2DW
0x0016      [80]    _counter
0x0066     [228]    _main
//** Variables locations ** 
//ADDRESS    SIZE    VARIABLE
//----------------------------------------------
0x0000       [1]    INDF
0x0002       [1]    PCL
0x0003       [1]    STATUS
0x0004       [1]    FSR
0x0005       [1]    PORTA
0x0006       [1]    PORTB
0x0007       [1]    PORTC
0x0008       [1]    PORTD
0x000A       [1]    PCLATH
0x0020      [24]    _seg
0x0038       [2]    ___DoICPAddr
0x003A       [2]    _i
0x003C       [2]    FARG_counter_start
0x003E       [2]    FARG_counter_bulb
0x0070       [1]    R0
0x0071       [1]    R1
0x0072       [1]    R2
0x0073       [1]    R3
0x0074       [1]    R4
0x0075       [1]    R5
0x0076       [1]    R6
0x0077       [1]    R7
0x0078       [1]    R8
0x0079       [1]    R9
0x007A       [1]    R10
0x007B       [1]    R11
0x007C       [1]    R12
0x007D       [1]    R13
0x007E       [1]    R14
0x007F       [1]    R15
0x0085       [1]    TRISA
0x0086       [1]    TRISB
0x0087       [1]    TRISC
0x0088       [1]    TRISD
0x009F       [1]    ADCON1
//** Label List: ** 
//----------------------------------------------
  L_counter0
  L_counter1
  L_counter2
  L_counter3
  L_counter4
  L_counter5
  L_counter6
  L_counter7
  L_counter8
  L_counter9
  L_counter10
  L_counter11
  L_main12
  L_main13
  L_main14
  L_main15
  L_main16
  L_main17
  L_main18
  L_main19
  L_main20
  L_main21
  L_main22
  L_main23
  L_main24
  L_main25
  L_main26
  L_main27
  L_main28
  L_main29
  L_main30
  L_main31
  L_main32
  L_main33
  L_main34
  L_main35
  L__counter36
  L__counter37
  L__main38
  L__main39
  L_end_counter
  _counter
  L__counter41
  L__counter42
  L__counter43
  L_end_main
  _main
  L__main45
  L__main46
  L_loopCA2AWs
  L_CA2AWend
  _CCA2AW_Loop1
  L_loopCS2Ss
  L_CS2Send
  _CCS2S_Loop1
  L_CCS2Send
  L_loopFZinSWs
  L_FZinSend
  _CC2D_Loop1
  L_end_____DoICP
  _____DoICP
  L_end_____DoIFC
  _____DoIFC
  L_end___CA2AW
  ___CA2AW
  L_end___CCA2AW
  ___CCA2AW
  L_end___CS2S
  ___CS2S
  L_end___CCS2S
  ___CCS2S
  L_end___FZinS
  ___FZinS
  L_end___CC2DW
  ___CC2DW
  L_end_Swap
  _Swap
